Started GET "/" for ::1 at 2017-02-26 08:22:16 -0500

PG::ConnectionBad - could not connect to server: No such file or directory
	Is the server running locally and accepting
	connections on Unix domain socket "/tmp/.s.PGSQL.5432"?
:
  activerecord (5.0.1) lib/active_record/connection_adapters/postgresql_adapter.rb:671:in `connect'
  activerecord (5.0.1) lib/active_record/connection_adapters/postgresql_adapter.rb:217:in `initialize'
  activerecord (5.0.1) lib/active_record/connection_adapters/postgresql_adapter.rb:37:in `postgresql_connection'
  activerecord (5.0.1) lib/active_record/connection_adapters/abstract/connection_pool.rb:729:in `new_connection'
  activerecord (5.0.1) lib/active_record/connection_adapters/abstract/connection_pool.rb:773:in `checkout_new_connection'
  activerecord (5.0.1) lib/active_record/connection_adapters/abstract/connection_pool.rb:752:in `try_to_checkout_new_connection'
  activerecord (5.0.1) lib/active_record/connection_adapters/abstract/connection_pool.rb:713:in `acquire_connection'
  activerecord (5.0.1) lib/active_record/connection_adapters/abstract/connection_pool.rb:490:in `checkout'
  activerecord (5.0.1) lib/active_record/connection_adapters/abstract/connection_pool.rb:364:in `connection'
  activerecord (5.0.1) lib/active_record/connection_adapters/abstract/connection_pool.rb:883:in `retrieve_connection'
  activerecord (5.0.1) lib/active_record/connection_handling.rb:128:in `retrieve_connection'
  activerecord (5.0.1) lib/active_record/connection_handling.rb:91:in `connection'
  activerecord (5.0.1) lib/active_record/migration.rb:559:in `connection'
  activerecord (5.0.1) lib/active_record/migration.rb:546:in `call'
  actionpack (5.0.1) lib/action_dispatch/middleware/callbacks.rb:38:in `block in call'
  activesupport (5.0.1) lib/active_support/callbacks.rb:97:in `__run_callbacks__'
  activesupport (5.0.1) lib/active_support/callbacks.rb:750:in `_run_call_callbacks'
  activesupport (5.0.1) lib/active_support/callbacks.rb:90:in `run_callbacks'
  actionpack (5.0.1) lib/action_dispatch/middleware/callbacks.rb:36:in `call'
  actionpack (5.0.1) lib/action_dispatch/middleware/executor.rb:12:in `call'
  actionpack (5.0.1) lib/action_dispatch/middleware/remote_ip.rb:79:in `call'
  rollbar (2.14.0) lib/rollbar/middleware/rails/rollbar.rb:24:in `block in call'
  rollbar (2.14.0) lib/rollbar.rb:145:in `scoped'
  rollbar (2.14.0) lib/rollbar/middleware/rails/rollbar.rb:22:in `call'
  better_errors (2.1.1) lib/better_errors/middleware.rb:84:in `protected_app_call'
  better_errors (2.1.1) lib/better_errors/middleware.rb:79:in `better_errors_call'
  better_errors (2.1.1) lib/better_errors/middleware.rb:57:in `call'
  actionpack (5.0.1) lib/action_dispatch/middleware/debug_exceptions.rb:49:in `call'
  rollbar (2.14.0) lib/rollbar/middleware/rails/show_exceptions.rb:22:in `call_with_rollbar'
  web-console (3.4.0) lib/web_console/middleware.rb:135:in `call_app'
  web-console (3.4.0) lib/web_console/middleware.rb:28:in `block in call'
  web-console (3.4.0) lib/web_console/middleware.rb:18:in `call'
  actionpack (5.0.1) lib/action_dispatch/middleware/show_exceptions.rb:31:in `call'
  railties (5.0.1) lib/rails/rack/logger.rb:36:in `call_app'
  railties (5.0.1) lib/rails/rack/logger.rb:24:in `block in call'
  activesupport (5.0.1) lib/active_support/tagged_logging.rb:69:in `block in tagged'
  activesupport (5.0.1) lib/active_support/tagged_logging.rb:26:in `tagged'
  activesupport (5.0.1) lib/active_support/tagged_logging.rb:69:in `tagged'
  railties (5.0.1) lib/rails/rack/logger.rb:24:in `call'
  sprockets-rails (3.2.0) lib/sprockets/rails/quiet_assets.rb:13:in `call'
  actionpack (5.0.1) lib/action_dispatch/middleware/request_id.rb:24:in `call'
  rack (2.0.1) lib/rack/method_override.rb:22:in `call'
  rack (2.0.1) lib/rack/runtime.rb:22:in `call'
  activesupport (5.0.1) lib/active_support/cache/strategy/local_cache_middleware.rb:28:in `call'
  actionpack (5.0.1) lib/action_dispatch/middleware/executor.rb:12:in `call'
  actionpack (5.0.1) lib/action_dispatch/middleware/static.rb:136:in `call'
  rack (2.0.1) lib/rack/sendfile.rb:111:in `call'
  railties (5.0.1) lib/rails/engine.rb:522:in `call'
  puma (3.7.1) lib/puma/configuration.rb:232:in `call'
  puma (3.7.1) lib/puma/server.rb:578:in `handle_request'
  puma (3.7.1) lib/puma/server.rb:415:in `process_client'
  puma (3.7.1) lib/puma/server.rb:275:in `block in run'
  puma (3.7.1) lib/puma/thread_pool.rb:120:in `block in spawn_thread'

Started POST "/__better_errors/e114136e93423b6f/variables" for ::1 at 2017-02-26 08:22:16 -0500
Started GET "/" for ::1 at 2017-02-26 08:29:34 -0500
DEPRECATION WARNING: #original_exception is deprecated. Use #cause instead. (called from initialize at /usr/local/lib/ruby/gems/2.4.0/gems/better_errors-2.1.1/lib/better_errors/raised_exception.rb:7)
DEPRECATION WARNING: #original_exception is deprecated. Use #cause instead. (called from initialize at /usr/local/lib/ruby/gems/2.4.0/gems/better_errors-2.1.1/lib/better_errors/raised_exception.rb:8)

PG::ConnectionBad - FATAL:  database "ports_development" does not exist
:
  activerecord (5.0.1) lib/active_record/connection_adapters/postgresql_adapter.rb:671:in `connect'
  activerecord (5.0.1) lib/active_record/connection_adapters/postgresql_adapter.rb:217:in `initialize'
  activerecord (5.0.1) lib/active_record/connection_adapters/postgresql_adapter.rb:37:in `postgresql_connection'
  activerecord (5.0.1) lib/active_record/connection_adapters/abstract/connection_pool.rb:729:in `new_connection'
  activerecord (5.0.1) lib/active_record/connection_adapters/abstract/connection_pool.rb:773:in `checkout_new_connection'
  activerecord (5.0.1) lib/active_record/connection_adapters/abstract/connection_pool.rb:752:in `try_to_checkout_new_connection'
  activerecord (5.0.1) lib/active_record/connection_adapters/abstract/connection_pool.rb:713:in `acquire_connection'
  activerecord (5.0.1) lib/active_record/connection_adapters/abstract/connection_pool.rb:490:in `checkout'
  activerecord (5.0.1) lib/active_record/connection_adapters/abstract/connection_pool.rb:364:in `connection'
  activerecord (5.0.1) lib/active_record/connection_adapters/abstract/connection_pool.rb:883:in `retrieve_connection'
  activerecord (5.0.1) lib/active_record/connection_handling.rb:128:in `retrieve_connection'
  activerecord (5.0.1) lib/active_record/connection_handling.rb:91:in `connection'
  activerecord (5.0.1) lib/active_record/migration.rb:559:in `connection'
  activerecord (5.0.1) lib/active_record/migration.rb:546:in `call'
  actionpack (5.0.1) lib/action_dispatch/middleware/callbacks.rb:38:in `block in call'
  activesupport (5.0.1) lib/active_support/callbacks.rb:97:in `__run_callbacks__'
  activesupport (5.0.1) lib/active_support/callbacks.rb:750:in `_run_call_callbacks'
  activesupport (5.0.1) lib/active_support/callbacks.rb:90:in `run_callbacks'
  actionpack (5.0.1) lib/action_dispatch/middleware/callbacks.rb:36:in `call'
  actionpack (5.0.1) lib/action_dispatch/middleware/executor.rb:12:in `call'
  actionpack (5.0.1) lib/action_dispatch/middleware/remote_ip.rb:79:in `call'
  rollbar (2.14.0) lib/rollbar/middleware/rails/rollbar.rb:24:in `block in call'
  rollbar (2.14.0) lib/rollbar.rb:145:in `scoped'
  rollbar (2.14.0) lib/rollbar/middleware/rails/rollbar.rb:22:in `call'
  better_errors (2.1.1) lib/better_errors/middleware.rb:84:in `protected_app_call'
  better_errors (2.1.1) lib/better_errors/middleware.rb:79:in `better_errors_call'
  better_errors (2.1.1) lib/better_errors/middleware.rb:57:in `call'
  actionpack (5.0.1) lib/action_dispatch/middleware/debug_exceptions.rb:49:in `call'
  rollbar (2.14.0) lib/rollbar/middleware/rails/show_exceptions.rb:22:in `call_with_rollbar'
  web-console (3.4.0) lib/web_console/middleware.rb:135:in `call_app'
  web-console (3.4.0) lib/web_console/middleware.rb:28:in `block in call'
  web-console (3.4.0) lib/web_console/middleware.rb:18:in `call'
  actionpack (5.0.1) lib/action_dispatch/middleware/show_exceptions.rb:31:in `call'
  railties (5.0.1) lib/rails/rack/logger.rb:36:in `call_app'
  railties (5.0.1) lib/rails/rack/logger.rb:24:in `block in call'
  activesupport (5.0.1) lib/active_support/tagged_logging.rb:69:in `block in tagged'
  activesupport (5.0.1) lib/active_support/tagged_logging.rb:26:in `tagged'
  activesupport (5.0.1) lib/active_support/tagged_logging.rb:69:in `tagged'
  railties (5.0.1) lib/rails/rack/logger.rb:24:in `call'
  sprockets-rails (3.2.0) lib/sprockets/rails/quiet_assets.rb:13:in `call'
  actionpack (5.0.1) lib/action_dispatch/middleware/request_id.rb:24:in `call'
  rack (2.0.1) lib/rack/method_override.rb:22:in `call'
  rack (2.0.1) lib/rack/runtime.rb:22:in `call'
  activesupport (5.0.1) lib/active_support/cache/strategy/local_cache_middleware.rb:28:in `call'
  actionpack (5.0.1) lib/action_dispatch/middleware/executor.rb:12:in `call'
  actionpack (5.0.1) lib/action_dispatch/middleware/static.rb:136:in `call'
  rack (2.0.1) lib/rack/sendfile.rb:111:in `call'
  railties (5.0.1) lib/rails/engine.rb:522:in `call'
  puma (3.7.1) lib/puma/configuration.rb:232:in `call'
  puma (3.7.1) lib/puma/server.rb:578:in `handle_request'
  puma (3.7.1) lib/puma/server.rb:415:in `process_client'
  puma (3.7.1) lib/puma/server.rb:275:in `block in run'
  puma (3.7.1) lib/puma/thread_pool.rb:120:in `block in spawn_thread'

Started POST "/__better_errors/cca2e0534ebe70e1/variables" for ::1 at 2017-02-26 08:29:34 -0500
Started GET "/" for ::1 at 2017-02-26 08:30:55 -0500

PG::ConnectionBad - could not connect to server: No such file or directory
	Is the server running locally and accepting
	connections on Unix domain socket "/tmp/.s.PGSQL.5432"?
:
  activerecord (5.0.1) lib/active_record/connection_adapters/postgresql_adapter.rb:671:in `connect'
  activerecord (5.0.1) lib/active_record/connection_adapters/postgresql_adapter.rb:217:in `initialize'
  activerecord (5.0.1) lib/active_record/connection_adapters/postgresql_adapter.rb:37:in `postgresql_connection'
  activerecord (5.0.1) lib/active_record/connection_adapters/abstract/connection_pool.rb:729:in `new_connection'
  activerecord (5.0.1) lib/active_record/connection_adapters/abstract/connection_pool.rb:773:in `checkout_new_connection'
  activerecord (5.0.1) lib/active_record/connection_adapters/abstract/connection_pool.rb:752:in `try_to_checkout_new_connection'
  activerecord (5.0.1) lib/active_record/connection_adapters/abstract/connection_pool.rb:713:in `acquire_connection'
  activerecord (5.0.1) lib/active_record/connection_adapters/abstract/connection_pool.rb:490:in `checkout'
  activerecord (5.0.1) lib/active_record/connection_adapters/abstract/connection_pool.rb:364:in `connection'
  activerecord (5.0.1) lib/active_record/connection_adapters/abstract/connection_pool.rb:883:in `retrieve_connection'
  activerecord (5.0.1) lib/active_record/connection_handling.rb:128:in `retrieve_connection'
  activerecord (5.0.1) lib/active_record/connection_handling.rb:91:in `connection'
  activerecord (5.0.1) lib/active_record/migration.rb:559:in `connection'
  activerecord (5.0.1) lib/active_record/migration.rb:546:in `call'
  actionpack (5.0.1) lib/action_dispatch/middleware/callbacks.rb:38:in `block in call'
  activesupport (5.0.1) lib/active_support/callbacks.rb:97:in `__run_callbacks__'
  activesupport (5.0.1) lib/active_support/callbacks.rb:750:in `_run_call_callbacks'
  activesupport (5.0.1) lib/active_support/callbacks.rb:90:in `run_callbacks'
  actionpack (5.0.1) lib/action_dispatch/middleware/callbacks.rb:36:in `call'
  actionpack (5.0.1) lib/action_dispatch/middleware/executor.rb:12:in `call'
  actionpack (5.0.1) lib/action_dispatch/middleware/remote_ip.rb:79:in `call'
  rollbar (2.14.0) lib/rollbar/middleware/rails/rollbar.rb:24:in `block in call'
  rollbar (2.14.0) lib/rollbar.rb:145:in `scoped'
  rollbar (2.14.0) lib/rollbar/middleware/rails/rollbar.rb:22:in `call'
  better_errors (2.1.1) lib/better_errors/middleware.rb:84:in `protected_app_call'
  better_errors (2.1.1) lib/better_errors/middleware.rb:79:in `better_errors_call'
  better_errors (2.1.1) lib/better_errors/middleware.rb:57:in `call'
  actionpack (5.0.1) lib/action_dispatch/middleware/debug_exceptions.rb:49:in `call'
  rollbar (2.14.0) lib/rollbar/middleware/rails/show_exceptions.rb:22:in `call_with_rollbar'
  web-console (3.4.0) lib/web_console/middleware.rb:135:in `call_app'
  web-console (3.4.0) lib/web_console/middleware.rb:28:in `block in call'
  web-console (3.4.0) lib/web_console/middleware.rb:18:in `call'
  actionpack (5.0.1) lib/action_dispatch/middleware/show_exceptions.rb:31:in `call'
  railties (5.0.1) lib/rails/rack/logger.rb:36:in `call_app'
  railties (5.0.1) lib/rails/rack/logger.rb:24:in `block in call'
  activesupport (5.0.1) lib/active_support/tagged_logging.rb:69:in `block in tagged'
  activesupport (5.0.1) lib/active_support/tagged_logging.rb:26:in `tagged'
  activesupport (5.0.1) lib/active_support/tagged_logging.rb:69:in `tagged'
  railties (5.0.1) lib/rails/rack/logger.rb:24:in `call'
  sprockets-rails (3.2.0) lib/sprockets/rails/quiet_assets.rb:13:in `call'
  actionpack (5.0.1) lib/action_dispatch/middleware/request_id.rb:24:in `call'
  rack (2.0.1) lib/rack/method_override.rb:22:in `call'
  rack (2.0.1) lib/rack/runtime.rb:22:in `call'
  activesupport (5.0.1) lib/active_support/cache/strategy/local_cache_middleware.rb:28:in `call'
  actionpack (5.0.1) lib/action_dispatch/middleware/executor.rb:12:in `call'
  actionpack (5.0.1) lib/action_dispatch/middleware/static.rb:136:in `call'
  rack (2.0.1) lib/rack/sendfile.rb:111:in `call'
  railties (5.0.1) lib/rails/engine.rb:522:in `call'
  puma (3.7.1) lib/puma/configuration.rb:232:in `call'
  puma (3.7.1) lib/puma/server.rb:578:in `handle_request'
  puma (3.7.1) lib/puma/server.rb:415:in `process_client'
  puma (3.7.1) lib/puma/server.rb:275:in `block in run'
  puma (3.7.1) lib/puma/thread_pool.rb:120:in `block in spawn_thread'

Started POST "/__better_errors/83eaba901c295580/variables" for ::1 at 2017-02-26 08:30:56 -0500
Started GET "/" for ::1 at 2017-02-26 08:32:42 -0500
DEPRECATION WARNING: #original_exception is deprecated. Use #cause instead. (called from initialize at /usr/local/lib/ruby/gems/2.4.0/gems/better_errors-2.1.1/lib/better_errors/raised_exception.rb:7)
DEPRECATION WARNING: #original_exception is deprecated. Use #cause instead. (called from initialize at /usr/local/lib/ruby/gems/2.4.0/gems/better_errors-2.1.1/lib/better_errors/raised_exception.rb:8)

PG::ConnectionBad - FATAL:  database "ports_development" does not exist
:
  activerecord (5.0.1) lib/active_record/connection_adapters/postgresql_adapter.rb:671:in `connect'
  activerecord (5.0.1) lib/active_record/connection_adapters/postgresql_adapter.rb:217:in `initialize'
  activerecord (5.0.1) lib/active_record/connection_adapters/postgresql_adapter.rb:37:in `postgresql_connection'
  activerecord (5.0.1) lib/active_record/connection_adapters/abstract/connection_pool.rb:729:in `new_connection'
  activerecord (5.0.1) lib/active_record/connection_adapters/abstract/connection_pool.rb:773:in `checkout_new_connection'
  activerecord (5.0.1) lib/active_record/connection_adapters/abstract/connection_pool.rb:752:in `try_to_checkout_new_connection'
  activerecord (5.0.1) lib/active_record/connection_adapters/abstract/connection_pool.rb:713:in `acquire_connection'
  activerecord (5.0.1) lib/active_record/connection_adapters/abstract/connection_pool.rb:490:in `checkout'
  activerecord (5.0.1) lib/active_record/connection_adapters/abstract/connection_pool.rb:364:in `connection'
  activerecord (5.0.1) lib/active_record/connection_adapters/abstract/connection_pool.rb:883:in `retrieve_connection'
  activerecord (5.0.1) lib/active_record/connection_handling.rb:128:in `retrieve_connection'
  activerecord (5.0.1) lib/active_record/connection_handling.rb:91:in `connection'
  activerecord (5.0.1) lib/active_record/migration.rb:559:in `connection'
  activerecord (5.0.1) lib/active_record/migration.rb:546:in `call'
  actionpack (5.0.1) lib/action_dispatch/middleware/callbacks.rb:38:in `block in call'
  activesupport (5.0.1) lib/active_support/callbacks.rb:97:in `__run_callbacks__'
  activesupport (5.0.1) lib/active_support/callbacks.rb:750:in `_run_call_callbacks'
  activesupport (5.0.1) lib/active_support/callbacks.rb:90:in `run_callbacks'
  actionpack (5.0.1) lib/action_dispatch/middleware/callbacks.rb:36:in `call'
  actionpack (5.0.1) lib/action_dispatch/middleware/executor.rb:12:in `call'
  actionpack (5.0.1) lib/action_dispatch/middleware/remote_ip.rb:79:in `call'
  rollbar (2.14.0) lib/rollbar/middleware/rails/rollbar.rb:24:in `block in call'
  rollbar (2.14.0) lib/rollbar.rb:145:in `scoped'
  rollbar (2.14.0) lib/rollbar/middleware/rails/rollbar.rb:22:in `call'
  better_errors (2.1.1) lib/better_errors/middleware.rb:84:in `protected_app_call'
  better_errors (2.1.1) lib/better_errors/middleware.rb:79:in `better_errors_call'
  better_errors (2.1.1) lib/better_errors/middleware.rb:57:in `call'
  actionpack (5.0.1) lib/action_dispatch/middleware/debug_exceptions.rb:49:in `call'
  rollbar (2.14.0) lib/rollbar/middleware/rails/show_exceptions.rb:22:in `call_with_rollbar'
  web-console (3.4.0) lib/web_console/middleware.rb:135:in `call_app'
  web-console (3.4.0) lib/web_console/middleware.rb:28:in `block in call'
  web-console (3.4.0) lib/web_console/middleware.rb:18:in `call'
  actionpack (5.0.1) lib/action_dispatch/middleware/show_exceptions.rb:31:in `call'
  railties (5.0.1) lib/rails/rack/logger.rb:36:in `call_app'
  railties (5.0.1) lib/rails/rack/logger.rb:24:in `block in call'
  activesupport (5.0.1) lib/active_support/tagged_logging.rb:69:in `block in tagged'
  activesupport (5.0.1) lib/active_support/tagged_logging.rb:26:in `tagged'
  activesupport (5.0.1) lib/active_support/tagged_logging.rb:69:in `tagged'
  railties (5.0.1) lib/rails/rack/logger.rb:24:in `call'
  sprockets-rails (3.2.0) lib/sprockets/rails/quiet_assets.rb:13:in `call'
  actionpack (5.0.1) lib/action_dispatch/middleware/request_id.rb:24:in `call'
  rack (2.0.1) lib/rack/method_override.rb:22:in `call'
  rack (2.0.1) lib/rack/runtime.rb:22:in `call'
  activesupport (5.0.1) lib/active_support/cache/strategy/local_cache_middleware.rb:28:in `call'
  actionpack (5.0.1) lib/action_dispatch/middleware/executor.rb:12:in `call'
  actionpack (5.0.1) lib/action_dispatch/middleware/static.rb:136:in `call'
  rack (2.0.1) lib/rack/sendfile.rb:111:in `call'
  railties (5.0.1) lib/rails/engine.rb:522:in `call'
  puma (3.7.1) lib/puma/configuration.rb:232:in `call'
  puma (3.7.1) lib/puma/server.rb:578:in `handle_request'
  puma (3.7.1) lib/puma/server.rb:415:in `process_client'
  puma (3.7.1) lib/puma/server.rb:275:in `block in run'
  puma (3.7.1) lib/puma/thread_pool.rb:120:in `block in spawn_thread'

Started POST "/__better_errors/bdb2609e028ebf16/variables" for ::1 at 2017-02-26 08:32:42 -0500
Started GET "/" for ::1 at 2017-02-26 08:33:08 -0500
DEPRECATION WARNING: #original_exception is deprecated. Use #cause instead. (called from initialize at /usr/local/lib/ruby/gems/2.4.0/gems/better_errors-2.1.1/lib/better_errors/raised_exception.rb:7)
DEPRECATION WARNING: #original_exception is deprecated. Use #cause instead. (called from initialize at /usr/local/lib/ruby/gems/2.4.0/gems/better_errors-2.1.1/lib/better_errors/raised_exception.rb:8)

PG::ConnectionBad - FATAL:  database "ports_development" does not exist
:
  activerecord (5.0.1) lib/active_record/connection_adapters/postgresql_adapter.rb:671:in `connect'
  activerecord (5.0.1) lib/active_record/connection_adapters/postgresql_adapter.rb:217:in `initialize'
  activerecord (5.0.1) lib/active_record/connection_adapters/postgresql_adapter.rb:37:in `postgresql_connection'
  activerecord (5.0.1) lib/active_record/connection_adapters/abstract/connection_pool.rb:729:in `new_connection'
  activerecord (5.0.1) lib/active_record/connection_adapters/abstract/connection_pool.rb:773:in `checkout_new_connection'
  activerecord (5.0.1) lib/active_record/connection_adapters/abstract/connection_pool.rb:752:in `try_to_checkout_new_connection'
  activerecord (5.0.1) lib/active_record/connection_adapters/abstract/connection_pool.rb:713:in `acquire_connection'
  activerecord (5.0.1) lib/active_record/connection_adapters/abstract/connection_pool.rb:490:in `checkout'
  activerecord (5.0.1) lib/active_record/connection_adapters/abstract/connection_pool.rb:364:in `connection'
  activerecord (5.0.1) lib/active_record/connection_adapters/abstract/connection_pool.rb:883:in `retrieve_connection'
  activerecord (5.0.1) lib/active_record/connection_handling.rb:128:in `retrieve_connection'
  activerecord (5.0.1) lib/active_record/connection_handling.rb:91:in `connection'
  activerecord (5.0.1) lib/active_record/migration.rb:559:in `connection'
  activerecord (5.0.1) lib/active_record/migration.rb:546:in `call'
  actionpack (5.0.1) lib/action_dispatch/middleware/callbacks.rb:38:in `block in call'
  activesupport (5.0.1) lib/active_support/callbacks.rb:97:in `__run_callbacks__'
  activesupport (5.0.1) lib/active_support/callbacks.rb:750:in `_run_call_callbacks'
  activesupport (5.0.1) lib/active_support/callbacks.rb:90:in `run_callbacks'
  actionpack (5.0.1) lib/action_dispatch/middleware/callbacks.rb:36:in `call'
  actionpack (5.0.1) lib/action_dispatch/middleware/executor.rb:12:in `call'
  actionpack (5.0.1) lib/action_dispatch/middleware/remote_ip.rb:79:in `call'
  rollbar (2.14.0) lib/rollbar/middleware/rails/rollbar.rb:24:in `block in call'
  rollbar (2.14.0) lib/rollbar.rb:145:in `scoped'
  rollbar (2.14.0) lib/rollbar/middleware/rails/rollbar.rb:22:in `call'
  better_errors (2.1.1) lib/better_errors/middleware.rb:84:in `protected_app_call'
  better_errors (2.1.1) lib/better_errors/middleware.rb:79:in `better_errors_call'
  better_errors (2.1.1) lib/better_errors/middleware.rb:57:in `call'
  actionpack (5.0.1) lib/action_dispatch/middleware/debug_exceptions.rb:49:in `call'
  rollbar (2.14.0) lib/rollbar/middleware/rails/show_exceptions.rb:22:in `call_with_rollbar'
  web-console (3.4.0) lib/web_console/middleware.rb:135:in `call_app'
  web-console (3.4.0) lib/web_console/middleware.rb:28:in `block in call'
  web-console (3.4.0) lib/web_console/middleware.rb:18:in `call'
  actionpack (5.0.1) lib/action_dispatch/middleware/show_exceptions.rb:31:in `call'
  railties (5.0.1) lib/rails/rack/logger.rb:36:in `call_app'
  railties (5.0.1) lib/rails/rack/logger.rb:24:in `block in call'
  activesupport (5.0.1) lib/active_support/tagged_logging.rb:69:in `block in tagged'
  activesupport (5.0.1) lib/active_support/tagged_logging.rb:26:in `tagged'
  activesupport (5.0.1) lib/active_support/tagged_logging.rb:69:in `tagged'
  railties (5.0.1) lib/rails/rack/logger.rb:24:in `call'
  sprockets-rails (3.2.0) lib/sprockets/rails/quiet_assets.rb:13:in `call'
  actionpack (5.0.1) lib/action_dispatch/middleware/request_id.rb:24:in `call'
  rack (2.0.1) lib/rack/method_override.rb:22:in `call'
  rack (2.0.1) lib/rack/runtime.rb:22:in `call'
  activesupport (5.0.1) lib/active_support/cache/strategy/local_cache_middleware.rb:28:in `call'
  actionpack (5.0.1) lib/action_dispatch/middleware/executor.rb:12:in `call'
  actionpack (5.0.1) lib/action_dispatch/middleware/static.rb:136:in `call'
  rack (2.0.1) lib/rack/sendfile.rb:111:in `call'
  railties (5.0.1) lib/rails/engine.rb:522:in `call'
  puma (3.7.1) lib/puma/configuration.rb:232:in `call'
  puma (3.7.1) lib/puma/server.rb:578:in `handle_request'
  puma (3.7.1) lib/puma/server.rb:415:in `process_client'
  puma (3.7.1) lib/puma/server.rb:275:in `block in run'
  puma (3.7.1) lib/puma/thread_pool.rb:120:in `block in spawn_thread'

Started POST "/__better_errors/f392c628524855be/variables" for ::1 at 2017-02-26 08:33:08 -0500
  [1m[35m (0.2ms)[0m  [1m[35mDROP DATABASE IF EXISTS "ports_development"[0m
  [1m[35m (0.1ms)[0m  [1m[35mDROP DATABASE IF EXISTS "ports_test"[0m
  [1m[35m (342.4ms)[0m  [1m[35mCREATE DATABASE "ports_development" ENCODING = 'unicode'[0m
  [1m[35m (243.4ms)[0m  [1m[35mCREATE DATABASE "ports_test" ENCODING = 'unicode'[0m
  [1m[35m (5.3ms)[0m  [1m[35mCREATE TABLE "schema_migrations" ("version" character varying PRIMARY KEY)[0m
  [1m[35m (4.3ms)[0m  [1m[35mCREATE TABLE "ar_internal_metadata" ("key" character varying PRIMARY KEY, "value" character varying, "created_at" timestamp NOT NULL, "updated_at" timestamp NOT NULL)[0m
  [1m[35m (0.6ms)[0m  [1m[34mSELECT pg_try_advisory_lock(5698714826705378205);[0m
  [1m[36mActiveRecord::SchemaMigration Load (0.5ms)[0m  [1m[34mSELECT "schema_migrations".* FROM "schema_migrations"[0m
  [1m[36mActiveRecord::InternalMetadata Load (0.5ms)[0m  [1m[34mSELECT  "ar_internal_metadata".* FROM "ar_internal_metadata" WHERE "ar_internal_metadata"."key" = $1 LIMIT $2[0m  [["key", :environment], ["LIMIT", 1]]
  [1m[35m (0.1ms)[0m  [1m[35mBEGIN[0m
  [1m[35mSQL (0.6ms)[0m  [1m[32mINSERT INTO "ar_internal_metadata" ("key", "value", "created_at", "updated_at") VALUES ($1, $2, $3, $4) RETURNING "key"[0m  [["key", "environment"], ["value", "development"], ["created_at", 2017-02-26 13:36:53 UTC], ["updated_at", 2017-02-26 13:36:53 UTC]]
  [1m[35m (0.4ms)[0m  [1m[35mCOMMIT[0m
  [1m[35m (0.3ms)[0m  [1m[34mSELECT pg_advisory_unlock(5698714826705378205)[0m
  [1m[36mActiveRecord::SchemaMigration Load (0.3ms)[0m  [1m[34mSELECT "schema_migrations".* FROM "schema_migrations"[0m
  [1m[36mActiveRecord::SchemaMigration Load (0.5ms)[0m  [1m[34mSELECT "schema_migrations".* FROM "schema_migrations"[0m
  [1m[36mActiveRecord::SchemaMigration Load (0.2ms)[0m  [1m[34mSELECT "schema_migrations".* FROM "schema_migrations"[0m
  [1m[35m (116.8ms)[0m  [1m[35mDROP DATABASE IF EXISTS "ports_development"[0m
  [1m[35m (117.8ms)[0m  [1m[35mDROP DATABASE IF EXISTS "ports_test"[0m
  [1m[35m (340.4ms)[0m  [1m[35mCREATE DATABASE "ports_development" ENCODING = 'unicode'[0m
  [1m[35m (241.6ms)[0m  [1m[35mCREATE DATABASE "ports_test" ENCODING = 'unicode'[0m
  [1m[35mSQL (0.3ms)[0m  [1m[35mCREATE EXTENSION IF NOT EXISTS "plpgsql"[0m
  [1m[35m (5.5ms)[0m  [1m[35mCREATE TABLE "schema_migrations" ("version" character varying PRIMARY KEY)[0m
  [1m[35m (0.9ms)[0m  [1m[34mSELECT version FROM "schema_migrations"[0m
  [1m[35m (0.8ms)[0m  [1m[32mINSERT INTO "schema_migrations" (version) VALUES ('0')[0m
  [1m[35m (2.8ms)[0m  [1m[35mCREATE TABLE "ar_internal_metadata" ("key" character varying PRIMARY KEY, "value" character varying, "created_at" timestamp NOT NULL, "updated_at" timestamp NOT NULL)[0m
  [1m[36mActiveRecord::InternalMetadata Load (0.4ms)[0m  [1m[34mSELECT  "ar_internal_metadata".* FROM "ar_internal_metadata" WHERE "ar_internal_metadata"."key" = $1 LIMIT $2[0m  [["key", :environment], ["LIMIT", 1]]
  [1m[35m (0.1ms)[0m  [1m[35mBEGIN[0m
  [1m[35mSQL (0.4ms)[0m  [1m[32mINSERT INTO "ar_internal_metadata" ("key", "value", "created_at", "updated_at") VALUES ($1, $2, $3, $4) RETURNING "key"[0m  [["key", "environment"], ["value", "development"], ["created_at", 2017-02-26 13:38:08 UTC], ["updated_at", 2017-02-26 13:38:08 UTC]]
  [1m[35m (0.4ms)[0m  [1m[35mCOMMIT[0m
  [1m[36mActiveRecord::InternalMetadata Load (0.8ms)[0m  [1m[34mSELECT  "ar_internal_metadata".* FROM "ar_internal_metadata" WHERE "ar_internal_metadata"."key" = $1 LIMIT $2[0m  [["key", :environment], ["LIMIT", 1]]
  [1m[35m (0.1ms)[0m  [1m[35mBEGIN[0m
  [1m[35m (0.1ms)[0m  [1m[35mCOMMIT[0m
  [1m[35mSQL (0.3ms)[0m  [1m[35mCREATE EXTENSION IF NOT EXISTS "plpgsql"[0m
  [1m[35m (4.8ms)[0m  [1m[35mCREATE TABLE "schema_migrations" ("version" character varying PRIMARY KEY)[0m
  [1m[35m (0.5ms)[0m  [1m[34mSELECT version FROM "schema_migrations"[0m
  [1m[35m (0.5ms)[0m  [1m[32mINSERT INTO "schema_migrations" (version) VALUES ('0')[0m
  [1m[35m (3.1ms)[0m  [1m[35mCREATE TABLE "ar_internal_metadata" ("key" character varying PRIMARY KEY, "value" character varying, "created_at" timestamp NOT NULL, "updated_at" timestamp NOT NULL)[0m
  [1m[36mActiveRecord::InternalMetadata Load (0.5ms)[0m  [1m[34mSELECT  "ar_internal_metadata".* FROM "ar_internal_metadata" WHERE "ar_internal_metadata"."key" = $1 LIMIT $2[0m  [["key", :environment], ["LIMIT", 1]]
  [1m[35m (0.2ms)[0m  [1m[35mBEGIN[0m
  [1m[35mSQL (0.6ms)[0m  [1m[32mINSERT INTO "ar_internal_metadata" ("key", "value", "created_at", "updated_at") VALUES ($1, $2, $3, $4) RETURNING "key"[0m  [["key", "environment"], ["value", "development"], ["created_at", 2017-02-26 13:38:08 UTC], ["updated_at", 2017-02-26 13:38:08 UTC]]
  [1m[35m (0.3ms)[0m  [1m[35mCOMMIT[0m
  [1m[36mActiveRecord::InternalMetadata Load (0.2ms)[0m  [1m[34mSELECT  "ar_internal_metadata".* FROM "ar_internal_metadata" WHERE "ar_internal_metadata"."key" = $1 LIMIT $2[0m  [["key", :environment], ["LIMIT", 1]]
  [1m[35m (0.1ms)[0m  [1m[35mBEGIN[0m
  [1m[35m (0.1ms)[0m  [1m[35mCOMMIT[0m
Started GET "/" for ::1 at 2017-02-26 08:38:20 -0500
Processing by Rails::WelcomeController#index as HTML
  Parameters: {"internal"=>true}
  Rendering /usr/local/lib/ruby/gems/2.4.0/gems/railties-5.0.1/lib/rails/templates/rails/welcome/index.html.erb
  Rendered /usr/local/lib/ruby/gems/2.4.0/gems/railties-5.0.1/lib/rails/templates/rails/welcome/index.html.erb (5.0ms)
Completed 200 OK in 28ms (Views: 14.0ms | ActiveRecord: 0.0ms)


